# JRE version: OpenJDK Runtime Environment Temurin-21.0.11+10 (21.0.11+10) (build 21.0.11+10-LTS)
# Java VM: OpenJDK 64-Bit Server VM Temurin-21.0.11+10 (21.0.11+10-LTS, mixed mode, sharing, tiered, compressed oops, compressed class ptrs, parallel gc, windows-amd64)
GC Precious Log:
 CardTable entry size: 512
 CPUs: 2 total, 2 available
 Memory: 3737M
 Large Page Support: Disabled
 NUMA Support: Disabled
 Compressed Oops: Enabled (32-bit)
 Alignments: Space 512K, Generation 512K, Heap 2M
 Heap Min Capacity: 100M
 Heap Initial Capacity: 100M
 Heap Max Capacity: 2G
 Pre-touch: Disabled
 Parallel Workers: 2
Heap:
 PSYoungGen      total 13312K, used 6655K [0x00000000d5580000, 0x00000000d6a00000, 0x0000000100000000)
  eden space 12288K, 48% used [0x00000000d5580000,0x00000000d5b4a130,0x00000000d6180000)
  from space 1024K, 71% used [0x00000000d6900000,0x00000000d69b5c38,0x00000000d6a00000)
  to   space 1024K, 0% used [0x00000000d6800000,0x00000000d6800000,0x00000000d6900000)
 ParOldGen       total 130048K, used 129569K [0x0000000080000000, 0x0000000087f00000, 0x00000000d5580000)
  object space 130048K, 99% used [0x0000000080000000,0x0000000087e88530,0x0000000087f00000)
 Metaspace       used 91310K, committed 93120K, reserved 1179648K
  class space    used 10304K, committed 11072K, reserved 1048576K
GC Heap History (20 events):
Event: 722.855 GC heap before
{Heap before GC invocations=106 (full 3):
 PSYoungGen      total 12800K, used 12642K [0x00000000d5580000, 0x00000000d6680000, 0x0000000100000000)
  eden space 12288K, 99% used [0x00000000d5580000,0x00000000d617c2f0,0x00000000d6180000)
  from space 512K, 72% used [0x00000000d6600000,0x00000000d665c5e8,0x00000000d6680000)
  to   space 1024K, 0% used [0x00000000d6480000,0x00000000d6480000,0x00000000d6580000)
 ParOldGen       total 117760K, used 117488K [0x0000000080000000, 0x0000000087300000, 0x00000000d5580000)
  object space 117760K, 99% used [0x0000000080000000,0x00000000872bc0d0,0x0000000087300000)
 Metaspace       used 86342K, committed 88000K, reserved 1179648K
  class space    used 9764K, committed 10496K, reserved 1048576K
}
Event: 722.870 GC heap after
{Heap after GC invocations=106 (full 3):
 PSYoungGen      total 13312K, used 320K [0x00000000d5580000, 0x00000000d6680000, 0x0000000100000000)
  eden space 12288K, 0% used [0x00000000d5580000,0x00000000d5580000,0x00000000d6180000)
  from space 1024K, 31% used [0x00000000d6480000,0x00000000d64d0000,0x00000000d6580000)
  to   space 512K, 0% used [0x00000000d6600000,0x00000000d6600000,0x00000000d6680000)
 ParOldGen       total 118272K, used 117807K [0x0000000080000000, 0x0000000087380000, 0x00000000d5580000)
  object space 118272K, 99% used [0x0000000080000000,0x000000008730bce0,0x0000000087380000)
 Metaspace       used 86342K, committed 88000K, reserved 1179648K
  class space    used 9764K, committed 10496K, reserved 1048576K
}
Event: 1679.596 GC heap before
{Heap before GC invocations=107 (full 3):
 PSYoungGen      total 13312K, used 12608K [0x00000000d5580000, 0x00000000d6680000, 0x0000000100000000)
  eden space 12288K, 100% used [0x00000000d5580000,0x00000000d6180000,0x00000000d6180000)
  from space 1024K, 31% used [0x00000000d6480000,0x00000000d64d0000,0x00000000d6580000)
  to   space 512K, 0% used [0x00000000d6600000,0x00000000d6600000,0x00000000d6680000)
 ParOldGen       total 118272K, used 117807K [0x0000000080000000, 0x0000000087380000, 0x00000000d5580000)
  object space 118272K, 99% used [0x0000000080000000,0x000000008730bce0,0x0000000087380000)
 Metaspace       used 86585K, committed 88256K, reserved 1179648K
  class space    used 9786K, committed 10496K, reserved 1048576K
}
Event: 1679.865 GC heap after
{Heap after GC invocations=107 (full 3):
 PSYoungGen      total 12800K, used 500K [0x00000000d5580000, 0x00000000d6680000, 0x0000000100000000)
  eden space 12288K, 0% used [0x00000000d5580000,0x00000000d5580000,0x00000000d6180000)
  from space 512K, 97% used [0x00000000d6600000,0x00000000d667d240,0x00000000d6680000)
  to   space 2560K, 0% used [0x00000000d6180000,0x00000000d6180000,0x00000000d6400000)
 ParOldGen       total 119296K, used 119175K [0x0000000080000000, 0x0000000087480000, 0x00000000d5580000)
  object space 119296K, 99% used [0x0000000080000000,0x0000000087461ce0,0x0000000087480000)
 Metaspace       used 86585K, committed 88256K, reserved 1179648K
  class space    used 9786K, committed 10496K, reserved 1048576K
}
Event: 1686.084 GC heap before
{Heap before GC invocations=108 (full 3):
 PSYoungGen      total 12800K, used 12788K [0x00000000d5580000, 0x00000000d6680000, 0x0000000100000000)
  eden space 12288K, 100% used [0x00000000d5580000,0x00000000d6180000,0x00000000d6180000)
  from space 512K, 97% used [0x00000000d6600000,0x00000000d667d240,0x00000000d6680000)
  to   space 2560K, 0% used [0x00000000d6180000,0x00000000d6180000,0x00000000d6400000)
 ParOldGen       total 119296K, used 119175K [0x0000000080000000, 0x0000000087480000, 0x00000000d5580000)
  object space 119296K, 99% used [0x0000000080000000,0x0000000087461ce0,0x0000000087480000)
 Metaspace       used 86826K, committed 88512K, reserved 1179648K
  class space    used 9786K, committed 10496K, reserved 1048576K
}
Event: 1686.118 GC heap after
{Heap after GC invocations=108 (full 3):
 PSYoungGen      total 14848K, used 2100K [0x00000000d5580000, 0x00000000d6680000, 0x0000000100000000)
  eden space 12288K, 0% used [0x00000000d5580000,0x00000000d5580000,0x00000000d6180000)
  from space 2560K, 82% used [0x00000000d6180000,0x00000000d638d240,0x00000000d6400000)
  to   space 2560K, 0% used [0x00000000d6400000,0x00000000d6400000,0x00000000d6680000)
 ParOldGen       total 119808K, used 119623K [0x0000000080000000, 0x0000000087500000, 0x00000000d5580000)
  object space 119808K, 99% used [0x0000000080000000,0x00000000874d1cb0,0x0000000087500000)
 Metaspace       used 86826K, committed 88512K, reserved 1179648K
  class space    used 9786K, committed 10496K, reserved 1048576K
}
Event: 1688.396 GC heap before
{Heap before GC invocations=109 (full 3):
 PSYoungGen      total 14848K, used 14388K [0x00000000d5580000, 0x00000000d6680000, 0x0000000100000000)
  eden space 12288K, 100% used [0x00000000d5580000,0x00000000d6180000,0x00000000d6180000)
  from space 2560K, 82% used [0x00000000d6180000,0x00000000d638d240,0x00000000d6400000)
  to   space 2560K, 0% used [0x00000000d6400000,0x00000000d6400000,0x00000000d6680000)
 ParOldGen       total 119808K, used 119623K [0x0000000080000000, 0x0000000087500000, 0x00000000d5580000)
  object space 119808K, 99% used [0x0000000080000000,0x00000000874d1cb0,0x0000000087500000)
 Metaspace       used 86938K, committed 88640K, reserved 1179648K
  class space    used 9786K, committed 10496K, reserved 1048576K
}
Event: 1688.410 GC heap after
{Heap after GC invocations=109 (full 3):
 PSYoungGen      total 12800K, used 507K [0x00000000d5580000, 0x00000000d6480000, 0x0000000100000000)
  eden space 12288K, 0% used [0x00000000d5580000,0x00000000d5580000,0x00000000d6180000)
  from space 512K, 99% used [0x00000000d6400000,0x00000000d647ed58,0x00000000d6480000)
  to   space 1536K, 0% used [0x00000000d6180000,0x00000000d6180000,0x00000000d6300000)
 ParOldGen       total 121856K, used 121418K [0x0000000080000000, 0x0000000087700000, 0x00000000d5580000)
  object space 121856K, 99% used [0x0000000080000000,0x0000000087692828,0x0000000087700000)
 Metaspace       used 86938K, committed 88640K, reserved 1179648K
  class space    used 9786K, committed 10496K, reserved 1048576K
}
Event: 1706.195 GC heap before
{Heap before GC invocations=110 (full 3):
 PSYoungGen      total 12800K, used 12795K [0x00000000d5580000, 0x00000000d6480000, 0x0000000100000000)
  eden space 12288K, 100% used [0x00000000d5580000,0x00000000d6180000,0x00000000d6180000)
  from space 512K, 99% used [0x00000000d6400000,0x00000000d647ed58,0x00000000d6480000)
  to   space 1536K, 0% used [0x00000000d6180000,0x00000000d6180000,0x00000000d6300000)
 ParOldGen       total 121856K, used 121418K [0x0000000080000000, 0x0000000087700000, 0x00000000d5580000)
  object space 121856K, 99% used [0x0000000080000000,0x0000000087692828,0x0000000087700000)
 Metaspace       used 87709K, committed 89408K, reserved 1179648K
  class space    used 9879K, committed 10624K, reserved 1048576K
}
Event: 1706.202 GC heap after
{Heap after GC invocations=110 (full 3):
 PSYoungGen      total 13824K, used 256K [0x00000000d5580000, 0x00000000d6480000, 0x0000000100000000)
  eden space 12288K, 0% used [0x00000000d5580000,0x00000000d5580000,0x00000000d6180000)
  from space 1536K, 16% used [0x00000000d6180000,0x00000000d61c0020,0x00000000d6300000)
  to   space 512K, 0% used [0x00000000d6400000,0x00000000d6400000,0x00000000d6480000)
 ParOldGen       total 121856K, used 121701K [0x0000000080000000, 0x0000000087700000, 0x00000000d5580000)
  object space 121856K, 99% used [0x0000000080000000,0x00000000876d9560,0x0000000087700000)
 Metaspace       used 87709K, committed 89408K, reserved 1179648K
  class space    used 9879K, committed 10624K, reserved 1048576K
}
Event: 2092.409 GC heap before
{Heap before GC invocations=111 (full 3):
 PSYoungGen      total 13824K, used 12544K [0x00000000d5580000, 0x00000000d6480000, 0x0000000100000000)
  eden space 12288K, 100% used [0x00000000d5580000,0x00000000d6180000,0x00000000d6180000)
  from space 1536K, 16% used [0x00000000d6180000,0x00000000d61c0020,0x00000000d6300000)
  to   space 512K, 0% used [0x00000000d6400000,0x00000000d6400000,0x00000000d6480000)
 ParOldGen       total 121856K, used 121701K [0x0000000080000000, 0x0000000087700000, 0x00000000d5580000)
  object space 121856K, 99% used [0x0000000080000000,0x00000000876d9560,0x0000000087700000)
 Metaspace       used 87970K, committed 89664K, reserved 1179648K
  class space    used 9889K, committed 10624K, reserved 1048576K
}
Event: 2092.824 GC heap after
{Heap after GC invocations=111 (full 3):
 PSYoungGen      total 12800K, used 244K [0x00000000d5580000, 0x00000000d6480000, 0x0000000100000000)
  eden space 12288K, 0% used [0x00000000d5580000,0x00000000d5580000,0x00000000d6180000)
  from space 512K, 47% used [0x00000000d6400000,0x00000000d643d220,0x00000000d6480000)
  to   space 512K, 0% used [0x00000000d6380000,0x00000000d6380000,0x00000000d6400000)
 ParOldGen       total 121856K, used 121773K [0x0000000080000000, 0x0000000087700000, 0x00000000d5580000)
  object space 121856K, 99% used [0x0000000080000000,0x00000000876eb560,0x0000000087700000)
 Metaspace       used 87970K, committed 89664K, reserved 1179648K
  class space    used 9889K, committed 10624K, reserved 1048576K
}
Event: 2116.637 GC heap before
{Heap before GC invocations=112 (full 3):
 PSYoungGen      total 12800K, used 12530K [0x00000000d5580000, 0x00000000d6480000, 0x0000000100000000)
  eden space 12288K, 99% used [0x00000000d5580000,0x00000000d617f7d0,0x00000000d6180000)
  from space 512K, 47% used [0x00000000d6400000,0x00000000d643d220,0x00000000d6480000)
  to   space 512K, 0% used [0x00000000d6380000,0x00000000d6380000,0x00000000d6400000)
 ParOldGen       total 121856K, used 121773K [0x0000000080000000, 0x0000000087700000, 0x00000000d5580000)
  object space 121856K, 99% used [0x0000000080000000,0x00000000876eb560,0x0000000087700000)
 Metaspace       used 88083K, committed 89728K, reserved 1179648K
  class space    used 9895K, committed 10624K, reserved 1048576K
}
Event: 2116.677 GC heap after
{Heap after GC invocations=112 (full 3):
 PSYoungGen      total 12800K, used 488K [0x00000000d5580000, 0x00000000d7180000, 0x0000000100000000)
  eden space 12288K, 0% used [0x00000000d5580000,0x00000000d5580000,0x00000000d6180000)
  from space 512K, 95% used [0x00000000d6380000,0x00000000d63fa3b8,0x00000000d6400000)
  to   space 8192K, 0% used [0x00000000d6980000,0x00000000d6980000,0x00000000d7180000)
 ParOldGen       total 128512K, used 128047K [0x0000000080000000, 0x0000000087d80000, 0x00000000d5580000)
  object space 128512K, 99% used [0x0000000080000000,0x0000000087d0bcf8,0x0000000087d80000)
 Metaspace       used 88083K, committed 89728K, reserved 1179648K
  class space    used 9895K, committed 10624K, reserved 1048576K
}
Event: 2130.925 GC heap before
{Heap before GC invocations=113 (full 3):
 PSYoungGen      total 12800K, used 12776K [0x00000000d5580000, 0x00000000d7180000, 0x0000000100000000)
  eden space 12288K, 100% used [0x00000000d5580000,0x00000000d6180000,0x00000000d6180000)
  from space 512K, 95% used [0x00000000d6380000,0x00000000d63fa3b8,0x00000000d6400000)
  to   space 8192K, 0% used [0x00000000d6980000,0x00000000d6980000,0x00000000d7180000)
 ParOldGen       total 128512K, used 128047K [0x0000000080000000, 0x0000000087d80000, 0x00000000d5580000)
  object space 128512K, 99% used [0x0000000080000000,0x0000000087d0bcf8,0x0000000087d80000)
 Metaspace       used 88408K, committed 90048K, reserved 1179648K
  class space    used 9918K, committed 10624K, reserved 1048576K
}
Event: 2130.943 GC heap after
{Heap after GC invocations=113 (full 3):
 PSYoungGen      total 14336K, used 1588K [0x00000000d5580000, 0x00000000d6b80000, 0x0000000100000000)
  eden space 12288K, 0% used [0x00000000d5580000,0x00000000d5580000,0x00000000d6180000)
  from space 2048K, 77% used [0x00000000d6980000,0x00000000d6b0d200,0x00000000d6b80000)
  to   space 3584K, 0% used [0x00000000d6480000,0x00000000d6480000,0x00000000d6800000)
 ParOldGen       total 128512K, used 128095K [0x0000000080000000, 0x0000000087d80000, 0x00000000d5580000)
  object space 128512K, 99% used [0x0000000080000000,0x0000000087d17cf8,0x0000000087d80000)
 Metaspace       used 88408K, committed 90048K, reserved 1179648K
  class space    used 9918K, committed 10624K, reserved 1048576K
}
Event: 2136.010 GC heap before
{Heap before GC invocations=114 (full 3):
 PSYoungGen      total 14336K, used 13876K [0x00000000d5580000, 0x00000000d6b80000, 0x0000000100000000)
  eden space 12288K, 100% used [0x00000000d5580000,0x00000000d6180000,0x00000000d6180000)
  from space 2048K, 77% used [0x00000000d6980000,0x00000000d6b0d200,0x00000000d6b80000)
  to   space 3584K, 0% used [0x00000000d6480000,0x00000000d6480000,0x00000000d6800000)
 ParOldGen       total 128512K, used 128095K [0x0000000080000000, 0x0000000087d80000, 0x00000000d5580000)
  object space 128512K, 99% used [0x0000000080000000,0x0000000087d17cf8,0x0000000087d80000)
 Metaspace       used 88600K, committed 90240K, reserved 1179648K
  class space    used 9947K, committed 10688K, reserved 1048576K
}
Event: 2136.058 GC heap after
{Heap after GC invocations=114 (full 3):
 PSYoungGen      total 15872K, used 173K [0x00000000d5580000, 0x00000000d6a00000, 0x0000000100000000)
  eden space 12288K, 0% used [0x00000000d5580000,0x00000000d5580000,0x00000000d6180000)
  from space 3584K, 4% used [0x00000000d6480000,0x00000000d64ab7a0,0x00000000d6800000)
  to   space 1024K, 0% used [0x00000000d6900000,0x00000000d6900000,0x00000000d6a00000)
 ParOldGen       total 129536K, used 129410K [0x0000000080000000, 0x0000000087e80000, 0x00000000d5580000)
  object space 129536K, 99% used [0x0000000080000000,0x0000000087e60948,0x0000000087e80000)
 Metaspace       used 88600K, committed 90240K, reserved 1179648K
  class space    used 9947K, committed 10688K, reserved 1048576K
}
Event: 2150.240 GC heap before
{Heap before GC invocations=115 (full 3):
 PSYoungGen      total 15872K, used 12461K [0x00000000d5580000, 0x00000000d6a00000, 0x0000000100000000)
  eden space 12288K, 100% used [0x00000000d5580000,0x00000000d6180000,0x00000000d6180000)
  from space 3584K, 4% used [0x00000000d6480000,0x00000000d64ab7a0,0x00000000d6800000)
  to   space 1024K, 0% used [0x00000000d6900000,0x00000000d6900000,0x00000000d6a00000)
 ParOldGen       total 129536K, used 129410K [0x0000000080000000, 0x0000000087e80000, 0x00000000d5580000)
  object space 129536K, 99% used [0x0000000080000000,0x0000000087e60948,0x0000000087e80000)
 Metaspace       used 90884K, committed 92672K, reserved 1179648K
  class space    used 10229K, committed 10944K, reserved 1048576K
}
Event: 2150.273 GC heap after
{Heap after GC invocations=115 (full 3):
 PSYoungGen      total 13312K, used 727K [0x00000000d5580000, 0x00000000d6a00000, 0x0000000100000000)
  eden space 12288K, 0% used [0x00000000d5580000,0x00000000d5580000,0x00000000d6180000)
  from space 1024K, 71% used [0x00000000d6900000,0x00000000d69b5c38,0x00000000d6a00000)
  to   space 1024K, 0% used [0x00000000d6800000,0x00000000d6800000,0x00000000d6900000)
 ParOldGen       total 130048K, used 129569K [0x0000000080000000, 0x0000000087f00000, 0x00000000d5580000)
  object space 130048K, 99% used [0x0000000080000000,0x0000000087e88530,0x0000000087f00000)
 Metaspace       used 90884K, committed 92672K, reserved 1179648K
  class space    used 10229K, committed 10944K, reserved 1048576K
}

