# JRE version: Java(TM) SE Runtime Environment (17.0.1+12) (build 17.0.1+12-LTS-39)
# Java VM: Java HotSpot(TM) 64-Bit Server VM (17.0.1+12-LTS-39, mixed mode, sharing, tiered, compressed oops, compressed class ptrs, g1 gc, windows-amd64)
GC Precious Log:
 CPUs: 2 total, 2 available
 Memory: 3737M
 Large Page Support: Disabled
 NUMA Support: Disabled
 Compressed Oops: Enabled (32-bit)
 Heap Region Size: 1M
 Heap Min Capacity: 256M
 Heap Initial Capacity: 256M
 Heap Max Capacity: 512M
 Pre-touch: Disabled
 Parallel Workers: 2
 Concurrent Workers: 1
 Concurrent Refinement Workers: 2
 Periodic GC: Disabled
Heap:
 garbage-first heap   total 262144K, used 97734K [0x00000000e0000000, 0x0000000100000000)
  region size 1024K, 39 young (39936K), 11 survivors (11264K)
 Metaspace       used 84517K, committed 85120K, reserved 397312K
  class space    used 11329K, committed 11584K, reserved 315392K
GC Heap History (20 events):
Event: 235.583 GC heap before
{Heap before GC invocations=16 (full 0):
 garbage-first heap   total 262144K, used 205824K [0x00000000e0000000, 0x0000000100000000)
  region size 1024K, 153 young (156672K), 12 survivors (12288K)
 Metaspace       used 74153K, committed 74752K, reserved 380928K
  class space    used 10114K, committed 10368K, reserved 315392K
}
Event: 235.716 GC heap after
{Heap after GC invocations=17 (full 0):
 garbage-first heap   total 262144K, used 63267K [0x00000000e0000000, 0x0000000100000000)
  region size 1024K, 12 young (12288K), 12 survivors (12288K)
 Metaspace       used 74153K, committed 74752K, reserved 380928K
  class space    used 10114K, committed 10368K, reserved 315392K
}
Event: 248.549 GC heap before
{Heap before GC invocations=17 (full 0):
 garbage-first heap   total 262144K, used 207651K [0x00000000e0000000, 0x0000000100000000)
  region size 1024K, 153 young (156672K), 12 survivors (12288K)
 Metaspace       used 83053K, committed 83712K, reserved 389120K
  class space    used 11162K, committed 11456K, reserved 315392K
}
Event: 248.647 GC heap after
{Heap after GC invocations=18 (full 0):
 garbage-first heap   total 262144K, used 68911K [0x00000000e0000000, 0x0000000100000000)
  region size 1024K, 14 young (14336K), 14 survivors (14336K)
 Metaspace       used 83053K, committed 83712K, reserved 389120K
  class space    used 11162K, committed 11456K, reserved 315392K
}
Event: 249.304 GC heap before
{Heap before GC invocations=18 (full 0):
 garbage-first heap   total 262144K, used 208175K [0x00000000e0000000, 0x0000000100000000)
  region size 1024K, 149 young (152576K), 14 survivors (14336K)
 Metaspace       used 83058K, committed 83712K, reserved 389120K
  class space    used 11162K, committed 11456K, reserved 315392K
}
Event: 249.344 GC heap after
{Heap after GC invocations=19 (full 0):
 garbage-first heap   total 262144K, used 69420K [0x00000000e0000000, 0x0000000100000000)
  region size 1024K, 10 young (10240K), 10 survivors (10240K)
 Metaspace       used 83058K, committed 83712K, reserved 389120K
  class space    used 11162K, committed 11456K, reserved 315392K
}
Event: 250.652 GC heap before
{Heap before GC invocations=19 (full 0):
 garbage-first heap   total 262144K, used 212780K [0x00000000e0000000, 0x0000000100000000)
  region size 1024K, 149 young (152576K), 10 survivors (10240K)
 Metaspace       used 83156K, committed 83776K, reserved 389120K
  class space    used 11173K, committed 11456K, reserved 315392K
}
Event: 250.674 GC heap after
{Heap after GC invocations=20 (full 0):
 garbage-first heap   total 262144K, used 69420K [0x00000000e0000000, 0x0000000100000000)
  region size 1024K, 10 young (10240K), 10 survivors (10240K)
 Metaspace       used 83156K, committed 83776K, reserved 389120K
  class space    used 11173K, committed 11456K, reserved 315392K
}
Event: 251.930 GC heap before
{Heap before GC invocations=20 (full 0):
 garbage-first heap   total 262144K, used 216876K [0x00000000e0000000, 0x0000000100000000)
  region size 1024K, 153 young (156672K), 10 survivors (10240K)
 Metaspace       used 83243K, committed 83904K, reserved 389120K
  class space    used 11184K, committed 11456K, reserved 315392K
}
Event: 251.957 GC heap after
{Heap after GC invocations=21 (full 0):
 garbage-first heap   total 262144K, used 69574K [0x00000000e0000000, 0x0000000100000000)
  region size 1024K, 10 young (10240K), 10 survivors (10240K)
 Metaspace       used 83243K, committed 83904K, reserved 389120K
  class space    used 11184K, committed 11456K, reserved 315392K
}
Event: 252.330 GC heap before
{Heap before GC invocations=21 (full 0):
 garbage-first heap   total 262144K, used 217030K [0x00000000e0000000, 0x0000000100000000)
  region size 1024K, 153 young (156672K), 10 survivors (10240K)
 Metaspace       used 83247K, committed 83904K, reserved 389120K
  class space    used 11184K, committed 11456K, reserved 315392K
}
Event: 252.352 GC heap after
{Heap after GC invocations=22 (full 0):
 garbage-first heap   total 262144K, used 69420K [0x00000000e0000000, 0x0000000100000000)
  region size 1024K, 10 young (10240K), 10 survivors (10240K)
 Metaspace       used 83247K, committed 83904K, reserved 389120K
  class space    used 11184K, committed 11456K, reserved 315392K
}
Event: 252.715 GC heap before
{Heap before GC invocations=22 (full 0):
 garbage-first heap   total 262144K, used 216876K [0x00000000e0000000, 0x0000000100000000)
  region size 1024K, 153 young (156672K), 10 survivors (10240K)
 Metaspace       used 83249K, committed 83904K, reserved 389120K
  class space    used 11184K, committed 11456K, reserved 315392K
}
Event: 252.739 GC heap after
{Heap after GC invocations=23 (full 0):
 garbage-first heap   total 262144K, used 69420K [0x00000000e0000000, 0x0000000100000000)
  region size 1024K, 10 young (10240K), 10 survivors (10240K)
 Metaspace       used 83249K, committed 83904K, reserved 389120K
  class space    used 11184K, committed 11456K, reserved 315392K
}
Event: 253.932 GC heap before
{Heap before GC invocations=23 (full 0):
 garbage-first heap   total 262144K, used 216876K [0x00000000e0000000, 0x0000000100000000)
  region size 1024K, 153 young (156672K), 10 survivors (10240K)
 Metaspace       used 83749K, committed 84352K, reserved 389120K
  class space    used 11236K, committed 11520K, reserved 315392K
}
Event: 253.957 GC heap after
{Heap after GC invocations=24 (full 0):
 garbage-first heap   total 262144K, used 69932K [0x00000000e0000000, 0x0000000100000000)
  region size 1024K, 10 young (10240K), 10 survivors (10240K)
 Metaspace       used 83749K, committed 84352K, reserved 389120K
  class space    used 11236K, committed 11520K, reserved 315392K
}
Event: 256.367 GC heap before
{Heap before GC invocations=24 (full 0):
 garbage-first heap   total 262144K, used 217388K [0x00000000e0000000, 0x0000000100000000)
  region size 1024K, 153 young (156672K), 10 survivors (10240K)
 Metaspace       used 83843K, committed 84544K, reserved 389120K
  class space    used 11241K, committed 11520K, reserved 315392K
}
Event: 256.394 GC heap after
{Heap after GC invocations=25 (full 0):
 garbage-first heap   total 262144K, used 69932K [0x00000000e0000000, 0x0000000100000000)
  region size 1024K, 10 young (10240K), 10 survivors (10240K)
 Metaspace       used 83843K, committed 84544K, reserved 389120K
  class space    used 11241K, committed 11520K, reserved 315392K
}
Event: 259.553 GC heap before
{Heap before GC invocations=25 (full 0):
 garbage-first heap   total 262144K, used 217388K [0x00000000e0000000, 0x0000000100000000)
  region size 1024K, 153 young (156672K), 10 survivors (10240K)
 Metaspace       used 83922K, committed 84544K, reserved 389120K
  class space    used 11250K, committed 11520K, reserved 315392K
}
Event: 259.585 GC heap after
{Heap after GC invocations=26 (full 0):
 garbage-first heap   total 262144K, used 70086K [0x00000000e0000000, 0x0000000100000000)
  region size 1024K, 11 young (11264K), 11 survivors (11264K)
 Metaspace       used 83922K, committed 84544K, reserved 389120K
  class space    used 11250K, committed 11520K, reserved 315392K
}

