# JRE version: OpenJDK Runtime Environment Temurin-21.0.11+10 (21.0.11+10) (build 21.0.11+10-LTS)
# Java VM: OpenJDK 64-Bit Server VM Temurin-21.0.11+10 (21.0.11+10-LTS, mixed mode, sharing, tiered, compressed oops, compressed class ptrs, parallel gc, windows-amd64)
GC Precious Log:
 CardTable entry size: 512
 CPUs: 2 total, 2 available
 Memory: 3737M
 Large Page Support: Disabled
 NUMA Support: Disabled
 Compressed Oops: Enabled (32-bit)
 Alignments: Space 512K, Generation 512K, Heap 2M
 Heap Min Capacity: 100M
 Heap Initial Capacity: 100M
 Heap Max Capacity: 2G
 Pre-touch: Disabled
 Parallel Workers: 2
Heap:
 PSYoungGen      total 12800K, used 10113K [0x00000000d5580000, 0x00000000d6600000, 0x0000000100000000)
  eden space 12288K, 79% used [0x00000000d5580000,0x00000000d5f08438,0x00000000d6180000)
  from space 512K, 68% used [0x00000000d6580000,0x00000000d65d8010,0x00000000d6600000)
  to   space 512K, 0% used [0x00000000d6500000,0x00000000d6500000,0x00000000d6580000)
 ParOldGen       total 89088K, used 88731K [0x0000000080000000, 0x0000000085700000, 0x00000000d5580000)
  object space 89088K, 99% used [0x0000000080000000,0x00000000856a6f00,0x0000000085700000)
 Metaspace       used 78949K, committed 80576K, reserved 1179648K
  class space    used 9172K, committed 9920K, reserved 1048576K
GC Heap History (20 events):
Event: 645.129 GC heap before
{Heap before GC invocations=110 (full 3):
 PSYoungGen      total 12800K, used 12576K [0x00000000d5580000, 0x00000000d6980000, 0x0000000100000000)
  eden space 12288K, 100% used [0x00000000d5580000,0x00000000d6180000,0x00000000d6180000)
  from space 512K, 56% used [0x00000000d6900000,0x00000000d6948000,0x00000000d6980000)
  to   space 512K, 0% used [0x00000000d6880000,0x00000000d6880000,0x00000000d6900000)
 ParOldGen       total 77312K, used 76922K [0x0000000080000000, 0x0000000084b80000, 0x00000000d5580000)
  object space 77312K, 99% used [0x0000000080000000,0x0000000084b1eb20,0x0000000084b80000)
 Metaspace       used 72546K, committed 73984K, reserved 1114112K
  class space    used 8140K, committed 8768K, reserved 1048576K
}
Event: 645.132 GC heap after
{Heap after GC invocations=110 (full 3):
 PSYoungGen      total 12800K, used 352K [0x00000000d5580000, 0x00000000d6980000, 0x0000000100000000)
  eden space 12288K, 0% used [0x00000000d5580000,0x00000000d5580000,0x00000000d6180000)
  from space 512K, 68% used [0x00000000d6880000,0x00000000d68d8000,0x00000000d6900000)
  to   space 512K, 0% used [0x00000000d6900000,0x00000000d6900000,0x00000000d6980000)
 ParOldGen       total 77312K, used 77181K [0x0000000080000000, 0x0000000084b80000, 0x00000000d5580000)
  object space 77312K, 99% used [0x0000000080000000,0x0000000084b5f4e0,0x0000000084b80000)
 Metaspace       used 72546K, committed 73984K, reserved 1114112K
  class space    used 8140K, committed 8768K, reserved 1048576K
}
Event: 660.531 GC heap before
{Heap before GC invocations=111 (full 3):
 PSYoungGen      total 12800K, used 12640K [0x00000000d5580000, 0x00000000d6980000, 0x0000000100000000)
  eden space 12288K, 100% used [0x00000000d5580000,0x00000000d6180000,0x00000000d6180000)
  from space 512K, 68% used [0x00000000d6880000,0x00000000d68d8000,0x00000000d6900000)
  to   space 512K, 0% used [0x00000000d6900000,0x00000000d6900000,0x00000000d6980000)
 ParOldGen       total 77312K, used 77181K [0x0000000080000000, 0x0000000084b80000, 0x00000000d5580000)
  object space 77312K, 99% used [0x0000000080000000,0x0000000084b5f4e0,0x0000000084b80000)
 Metaspace       used 72759K, committed 74176K, reserved 1179648K
  class space    used 8161K, committed 8768K, reserved 1048576K
}
Event: 660.542 GC heap after
{Heap after GC invocations=111 (full 3):
 PSYoungGen      total 12800K, used 500K [0x00000000d5580000, 0x00000000d6980000, 0x0000000100000000)
  eden space 12288K, 0% used [0x00000000d5580000,0x00000000d5580000,0x00000000d6180000)
  from space 512K, 97% used [0x00000000d6900000,0x00000000d697d220,0x00000000d6980000)
  to   space 1024K, 0% used [0x00000000d6780000,0x00000000d6780000,0x00000000d6880000)
 ParOldGen       total 77824K, used 77493K [0x0000000080000000, 0x0000000084c00000, 0x00000000d5580000)
  object space 77824K, 99% used [0x0000000080000000,0x0000000084bad4e0,0x0000000084c00000)
 Metaspace       used 72759K, committed 74176K, reserved 1179648K
  class space    used 8161K, committed 8768K, reserved 1048576K
}
Event: 660.911 GC heap before
{Heap before GC invocations=112 (full 3):
 PSYoungGen      total 12800K, used 12788K [0x00000000d5580000, 0x00000000d6980000, 0x0000000100000000)
  eden space 12288K, 100% used [0x00000000d5580000,0x00000000d6180000,0x00000000d6180000)
  from space 512K, 97% used [0x00000000d6900000,0x00000000d697d220,0x00000000d6980000)
  to   space 1024K, 0% used [0x00000000d6780000,0x00000000d6780000,0x00000000d6880000)
 ParOldGen       total 77824K, used 77493K [0x0000000080000000, 0x0000000084c00000, 0x00000000d5580000)
  object space 77824K, 99% used [0x0000000080000000,0x0000000084bad4e0,0x0000000084c00000)
 Metaspace       used 72778K, committed 74176K, reserved 1179648K
  class space    used 8162K, committed 8768K, reserved 1048576K
}
Event: 660.924 GC heap after
{Heap after GC invocations=112 (full 3):
 PSYoungGen      total 13312K, used 998K [0x00000000d5580000, 0x00000000d6c80000, 0x0000000100000000)
  eden space 12288K, 0% used [0x00000000d5580000,0x00000000d5580000,0x00000000d6180000)
  from space 1024K, 97% used [0x00000000d6780000,0x00000000d68799d0,0x00000000d6880000)
  to   space 4096K, 0% used [0x00000000d6880000,0x00000000d6880000,0x00000000d6c80000)
 ParOldGen       total 81408K, used 81268K [0x0000000080000000, 0x0000000084f80000, 0x00000000d5580000)
  object space 81408K, 99% used [0x0000000080000000,0x0000000084f5d170,0x0000000084f80000)
 Metaspace       used 72778K, committed 74176K, reserved 1179648K
  class space    used 8162K, committed 8768K, reserved 1048576K
}
Event: 662.539 GC heap before
{Heap before GC invocations=113 (full 3):
 PSYoungGen      total 13312K, used 13286K [0x00000000d5580000, 0x00000000d6c80000, 0x0000000100000000)
  eden space 12288K, 100% used [0x00000000d5580000,0x00000000d6180000,0x00000000d6180000)
  from space 1024K, 97% used [0x00000000d6780000,0x00000000d68799d0,0x00000000d6880000)
  to   space 4096K, 0% used [0x00000000d6880000,0x00000000d6880000,0x00000000d6c80000)
 ParOldGen       total 81408K, used 81268K [0x0000000080000000, 0x0000000084f80000, 0x00000000d5580000)
  object space 81408K, 99% used [0x0000000080000000,0x0000000084f5d170,0x0000000084f80000)
 Metaspace       used 72911K, committed 74368K, reserved 1179648K
  class space    used 8195K, committed 8832K, reserved 1048576K
}
Event: 662.547 GC heap after
{Heap after GC invocations=113 (full 3):
 PSYoungGen      total 15872K, used 3109K [0x00000000d5580000, 0x00000000d6c00000, 0x0000000100000000)
  eden space 12288K, 0% used [0x00000000d5580000,0x00000000d5580000,0x00000000d6180000)
  from space 3584K, 86% used [0x00000000d6880000,0x00000000d6b897b8,0x00000000d6c00000)
  to   space 4096K, 0% used [0x00000000d6400000,0x00000000d6400000,0x00000000d6800000)
 ParOldGen       total 82432K, used 82234K [0x0000000080000000, 0x0000000085080000, 0x00000000d5580000)
  object space 82432K, 99% used [0x0000000080000000,0x000000008504e9c8,0x0000000085080000)
 Metaspace       used 72911K, committed 74368K, reserved 1179648K
  class space    used 8195K, committed 8832K, reserved 1048576K
}
Event: 718.477 GC heap before
{Heap before GC invocations=114 (full 3):
 PSYoungGen      total 15872K, used 15397K [0x00000000d5580000, 0x00000000d6c00000, 0x0000000100000000)
  eden space 12288K, 100% used [0x00000000d5580000,0x00000000d6180000,0x00000000d6180000)
  from space 3584K, 86% used [0x00000000d6880000,0x00000000d6b897b8,0x00000000d6c00000)
  to   space 4096K, 0% used [0x00000000d6400000,0x00000000d6400000,0x00000000d6800000)
 ParOldGen       total 82432K, used 82234K [0x0000000080000000, 0x0000000085080000, 0x00000000d5580000)
  object space 82432K, 99% used [0x0000000080000000,0x000000008504e9c8,0x0000000085080000)
 Metaspace       used 72934K, committed 74368K, reserved 1179648K
  class space    used 8196K, committed 8832K, reserved 1048576K
}
Event: 718.668 GC heap after
{Heap after GC invocations=114 (full 3):
 PSYoungGen      total 12800K, used 512K [0x00000000d5580000, 0x00000000d6900000, 0x0000000100000000)
  eden space 12288K, 0% used [0x00000000d5580000,0x00000000d5580000,0x00000000d6180000)
  from space 512K, 100% used [0x00000000d6400000,0x00000000d6480000,0x00000000d6480000)
  to   space 2048K, 0% used [0x00000000d6700000,0x00000000d6700000,0x00000000d6900000)
 ParOldGen       total 83456K, used 83130K [0x0000000080000000, 0x0000000085180000, 0x00000000d5580000)
  object space 83456K, 99% used [0x0000000080000000,0x000000008512e9c8,0x0000000085180000)
 Metaspace       used 72934K, committed 74368K, reserved 1179648K
  class space    used 8196K, committed 8832K, reserved 1048576K
}
Event: 734.599 GC heap before
{Heap before GC invocations=115 (full 3):
 PSYoungGen      total 12800K, used 12800K [0x00000000d5580000, 0x00000000d6900000, 0x0000000100000000)
  eden space 12288K, 100% used [0x00000000d5580000,0x00000000d6180000,0x00000000d6180000)
  from space 512K, 100% used [0x00000000d6400000,0x00000000d6480000,0x00000000d6480000)
  to   space 2048K, 0% used [0x00000000d6700000,0x00000000d6700000,0x00000000d6900000)
 ParOldGen       total 83456K, used 83130K [0x0000000080000000, 0x0000000085180000, 0x00000000d5580000)
  object space 83456K, 99% used [0x0000000080000000,0x000000008512e9c8,0x0000000085180000)
 Metaspace       used 72959K, committed 74432K, reserved 1179648K
  class space    used 8196K, committed 8832K, reserved 1048576K
}
Event: 734.612 GC heap after
{Heap after GC invocations=115 (full 3):
 PSYoungGen      total 14336K, used 2029K [0x00000000d5580000, 0x00000000d6b80000, 0x0000000100000000)
  eden space 12288K, 0% used [0x00000000d5580000,0x00000000d5580000,0x00000000d6180000)
  from space 2048K, 99% used [0x00000000d6700000,0x00000000d68fb620,0x00000000d6900000)
  to   space 5120K, 0% used [0x00000000d6180000,0x00000000d6180000,0x00000000d6680000)
 ParOldGen       total 85504K, used 85413K [0x0000000080000000, 0x0000000085380000, 0x00000000d5580000)
  object space 85504K, 99% used [0x0000000080000000,0x0000000085369460,0x0000000085380000)
 Metaspace       used 72959K, committed 74432K, reserved 1179648K
  class space    used 8196K, committed 8832K, reserved 1048576K
}
Event: 738.178 GC heap before
{Heap before GC invocations=116 (full 3):
 PSYoungGen      total 14336K, used 14317K [0x00000000d5580000, 0x00000000d6b80000, 0x0000000100000000)
  eden space 12288K, 100% used [0x00000000d5580000,0x00000000d6180000,0x00000000d6180000)
  from space 2048K, 99% used [0x00000000d6700000,0x00000000d68fb620,0x00000000d6900000)
  to   space 5120K, 0% used [0x00000000d6180000,0x00000000d6180000,0x00000000d6680000)
 ParOldGen       total 85504K, used 85413K [0x0000000080000000, 0x0000000085380000, 0x00000000d5580000)
  object space 85504K, 99% used [0x0000000080000000,0x0000000085369460,0x0000000085380000)
 Metaspace       used 73621K, committed 75136K, reserved 1179648K
  class space    used 8343K, committed 9024K, reserved 1048576K
}
Event: 738.194 GC heap after
{Heap after GC invocations=116 (full 3):
 PSYoungGen      total 13312K, used 672K [0x00000000d5580000, 0x00000000d6780000, 0x0000000100000000)
  eden space 12288K, 0% used [0x00000000d5580000,0x00000000d5580000,0x00000000d6180000)
  from space 1024K, 65% used [0x00000000d6180000,0x00000000d6228000,0x00000000d6280000)
  to   space 2048K, 0% used [0x00000000d6580000,0x00000000d6580000,0x00000000d6780000)
 ParOldGen       total 87552K, used 87380K [0x0000000080000000, 0x0000000085580000, 0x00000000d5580000)
  object space 87552K, 99% used [0x0000000080000000,0x00000000855551c0,0x0000000085580000)
 Metaspace       used 73621K, committed 75136K, reserved 1179648K
  class space    used 8343K, committed 9024K, reserved 1048576K
}
Event: 739.739 GC heap before
{Heap before GC invocations=117 (full 3):
 PSYoungGen      total 13312K, used 12960K [0x00000000d5580000, 0x00000000d6780000, 0x0000000100000000)
  eden space 12288K, 100% used [0x00000000d5580000,0x00000000d6180000,0x00000000d6180000)
  from space 1024K, 65% used [0x00000000d6180000,0x00000000d6228000,0x00000000d6280000)
  to   space 2048K, 0% used [0x00000000d6580000,0x00000000d6580000,0x00000000d6780000)
 ParOldGen       total 87552K, used 87380K [0x0000000080000000, 0x0000000085580000, 0x00000000d5580000)
  object space 87552K, 99% used [0x0000000080000000,0x00000000855551c0,0x0000000085580000)
 Metaspace       used 74975K, committed 76480K, reserved 1179648K
  class space    used 8569K, committed 9216K, reserved 1048576K
}
Event: 739.752 GC heap after
{Heap after GC invocations=117 (full 3):
 PSYoungGen      total 12800K, used 384K [0x00000000d5580000, 0x00000000d6600000, 0x0000000100000000)
  eden space 12288K, 0% used [0x00000000d5580000,0x00000000d5580000,0x00000000d6180000)
  from space 512K, 75% used [0x00000000d6580000,0x00000000d65e0000,0x00000000d6600000)
  to   space 1024K, 0% used [0x00000000d6400000,0x00000000d6400000,0x00000000d6500000)
 ParOldGen       total 88064K, used 87980K [0x0000000080000000, 0x0000000085600000, 0x00000000d5580000)
  object space 88064K, 99% used [0x0000000080000000,0x00000000855eb1d0,0x0000000085600000)
 Metaspace       used 74975K, committed 76480K, reserved 1179648K
  class space    used 8569K, committed 9216K, reserved 1048576K
}
Event: 741.472 GC heap before
{Heap before GC invocations=118 (full 3):
 PSYoungGen      total 12800K, used 12672K [0x00000000d5580000, 0x00000000d6600000, 0x0000000100000000)
  eden space 12288K, 100% used [0x00000000d5580000,0x00000000d6180000,0x00000000d6180000)
  from space 512K, 75% used [0x00000000d6580000,0x00000000d65e0000,0x00000000d6600000)
  to   space 1024K, 0% used [0x00000000d6400000,0x00000000d6400000,0x00000000d6500000)
 ParOldGen       total 88064K, used 87980K [0x0000000080000000, 0x0000000085600000, 0x00000000d5580000)
  object space 88064K, 99% used [0x0000000080000000,0x00000000855eb1d0,0x0000000085600000)
 Metaspace       used 76550K, committed 78144K, reserved 1179648K
  class space    used 8826K, committed 9536K, reserved 1048576K
}
Event: 741.479 GC heap after
{Heap after GC invocations=118 (full 3):
 PSYoungGen      total 13312K, used 432K [0x00000000d5580000, 0x00000000d6600000, 0x0000000100000000)
  eden space 12288K, 0% used [0x00000000d5580000,0x00000000d5580000,0x00000000d6180000)
  from space 1024K, 42% used [0x00000000d6400000,0x00000000d646c010,0x00000000d6500000)
  to   space 512K, 0% used [0x00000000d6580000,0x00000000d6580000,0x00000000d6600000)
 ParOldGen       total 88576K, used 88340K [0x0000000080000000, 0x0000000085680000, 0x00000000d5580000)
  object space 88576K, 99% used [0x0000000080000000,0x00000000856451f0,0x0000000085680000)
 Metaspace       used 76550K, committed 78144K, reserved 1179648K
  class space    used 8826K, committed 9536K, reserved 1048576K
}
Event: 742.364 GC heap before
{Heap before GC invocations=119 (full 3):
 PSYoungGen      total 13312K, used 12720K [0x00000000d5580000, 0x00000000d6600000, 0x0000000100000000)
  eden space 12288K, 100% used [0x00000000d5580000,0x00000000d6180000,0x00000000d6180000)
  from space 1024K, 42% used [0x00000000d6400000,0x00000000d646c010,0x00000000d6500000)
  to   space 512K, 0% used [0x00000000d6580000,0x00000000d6580000,0x00000000d6600000)
 ParOldGen       total 88576K, used 88340K [0x0000000080000000, 0x0000000085680000, 0x00000000d5580000)
  object space 88576K, 99% used [0x0000000080000000,0x00000000856451f0,0x0000000085680000)
 Metaspace       used 77962K, committed 79616K, reserved 1179648K
  class space    used 9054K, committed 9792K, reserved 1048576K
}
Event: 742.372 GC heap after
{Heap after GC invocations=119 (full 3):
 PSYoungGen      total 12800K, used 352K [0x00000000d5580000, 0x00000000d6600000, 0x0000000100000000)
  eden space 12288K, 0% used [0x00000000d5580000,0x00000000d5580000,0x00000000d6180000)
  from space 512K, 68% used [0x00000000d6580000,0x00000000d65d8010,0x00000000d6600000)
  to   space 512K, 0% used [0x00000000d6500000,0x00000000d6500000,0x00000000d6580000)
 ParOldGen       total 89088K, used 88731K [0x0000000080000000, 0x0000000085700000, 0x00000000d5580000)
  object space 89088K, 99% used [0x0000000080000000,0x00000000856a6f00,0x0000000085700000)
 Metaspace       used 77962K, committed 79616K, reserved 1179648K
  class space    used 9054K, committed 9792K, reserved 1048576K
}

