# JRE version: Java(TM) SE Runtime Environment (17.0.1+12) (build 17.0.1+12-LTS-39)
# Java VM: Java HotSpot(TM) 64-Bit Server VM (17.0.1+12-LTS-39, mixed mode, sharing, tiered, compressed oops, compressed class ptrs, g1 gc, windows-amd64)
GC Precious Log:
 CPUs: 2 total, 2 available
 Memory: 3737M
 Large Page Support: Disabled
 NUMA Support: Disabled
 Compressed Oops: Enabled (32-bit)
 Heap Region Size: 1M
 Heap Min Capacity: 256M
 Heap Initial Capacity: 256M
 Heap Max Capacity: 512M
 Pre-touch: Disabled
 Parallel Workers: 2
 Concurrent Workers: 1
 Concurrent Refinement Workers: 2
 Periodic GC: Disabled
Heap:
 garbage-first heap   total 262144K, used 74471K [0x00000000e0000000, 0x0000000100000000)
  region size 1024K, 50 young (51200K), 16 survivors (16384K)
 Metaspace       used 51475K, committed 52032K, reserved 364544K
  class space    used 7332K, committed 7552K, reserved 315392K
GC Heap History (18 events):
Event: 4.594 GC heap before
{Heap before GC invocations=0 (full 0):
 garbage-first heap   total 262144K, used 12288K [0x00000000e0000000, 0x0000000100000000)
  region size 1024K, 12 young (12288K), 0 survivors (0K)
 Metaspace       used 772K, committed 896K, reserved 323584K
  class space    used 61K, committed 128K, reserved 315392K
}
Event: 4.681 GC heap after
{Heap after GC invocations=1 (full 0):
 garbage-first heap   total 262144K, used 1208K [0x00000000e0000000, 0x0000000100000000)
  region size 1024K, 2 young (2048K), 2 survivors (2048K)
 Metaspace       used 772K, committed 896K, reserved 323584K
  class space    used 61K, committed 128K, reserved 315392K
}
Event: 6.762 GC heap before
{Heap before GC invocations=1 (full 0):
 garbage-first heap   total 262144K, used 13496K [0x00000000e0000000, 0x0000000100000000)
  region size 1024K, 15 young (15360K), 2 survivors (2048K)
 Metaspace       used 1109K, committed 1280K, reserved 323584K
  class space    used 74K, committed 128K, reserved 315392K
}
Event: 6.767 GC heap after
{Heap after GC invocations=2 (full 0):
 garbage-first heap   total 262144K, used 3839K [0x00000000e0000000, 0x0000000100000000)
  region size 1024K, 2 young (2048K), 2 survivors (2048K)
 Metaspace       used 1109K, committed 1280K, reserved 323584K
  class space    used 74K, committed 128K, reserved 315392K
}
Event: 12.987 GC heap before
{Heap before GC invocations=2 (full 0):
 garbage-first heap   total 262144K, used 79615K [0x00000000e0000000, 0x0000000100000000)
  region size 1024K, 72 young (73728K), 2 survivors (2048K)
 Metaspace       used 4498K, committed 4672K, reserved 323584K
  class space    used 547K, committed 640K, reserved 315392K
}
Event: 13.010 GC heap after
{Heap after GC invocations=3 (full 0):
 garbage-first heap   total 262144K, used 13184K [0x00000000e0000000, 0x0000000100000000)
  region size 1024K, 8 young (8192K), 8 survivors (8192K)
 Metaspace       used 4498K, committed 4672K, reserved 323584K
  class space    used 547K, committed 640K, reserved 315392K
}
Event: 24.043 GC heap before
{Heap before GC invocations=3 (full 0):
 garbage-first heap   total 262144K, used 81792K [0x00000000e0000000, 0x0000000100000000)
  region size 1024K, 75 young (76800K), 8 survivors (8192K)
 Metaspace       used 13975K, committed 14208K, reserved 331776K
  class space    used 1927K, committed 2048K, reserved 315392K
}
Event: 24.073 GC heap after
{Heap after GC invocations=4 (full 0):
 garbage-first heap   total 262144K, used 21659K [0x00000000e0000000, 0x0000000100000000)
  region size 1024K, 8 young (8192K), 8 survivors (8192K)
 Metaspace       used 13975K, committed 14208K, reserved 331776K
  class space    used 1927K, committed 2048K, reserved 315392K
}
Event: 49.560 GC heap before
{Heap before GC invocations=4 (full 0):
 garbage-first heap   total 262144K, used 79003K [0x00000000e0000000, 0x0000000100000000)
  region size 1024K, 64 young (65536K), 8 survivors (8192K)
 Metaspace       used 20937K, committed 21312K, reserved 339968K
  class space    used 3031K, committed 3200K, reserved 315392K
}
Event: 49.623 GC heap after
{Heap after GC invocations=5 (full 0):
 garbage-first heap   total 262144K, used 25459K [0x00000000e0000000, 0x0000000100000000)
  region size 1024K, 4 young (4096K), 4 survivors (4096K)
 Metaspace       used 20937K, committed 21312K, reserved 339968K
  class space    used 3031K, committed 3200K, reserved 315392K
}
Event: 50.846 GC heap before
{Heap before GC invocations=5 (full 0):
 garbage-first heap   total 262144K, used 26483K [0x00000000e0000000, 0x0000000100000000)
  region size 1024K, 6 young (6144K), 4 survivors (4096K)
 Metaspace       used 21118K, committed 21504K, reserved 339968K
  class space    used 3060K, committed 3264K, reserved 315392K
}
Event: 50.857 GC heap after
{Heap after GC invocations=6 (full 0):
 garbage-first heap   total 262144K, used 25200K [0x00000000e0000000, 0x0000000100000000)
  region size 1024K, 4 young (4096K), 4 survivors (4096K)
 Metaspace       used 21118K, committed 21504K, reserved 339968K
  class space    used 3060K, committed 3264K, reserved 315392K
}
Event: 95.311 GC heap before
{Heap before GC invocations=7 (full 0):
 garbage-first heap   total 262144K, used 118384K [0x00000000e0000000, 0x0000000100000000)
  region size 1024K, 91 young (93184K), 4 survivors (4096K)
 Metaspace       used 32516K, committed 32960K, reserved 348160K
  class space    used 4474K, committed 4672K, reserved 315392K
}
Event: 95.377 GC heap after
{Heap after GC invocations=8 (full 0):
 garbage-first heap   total 262144K, used 31385K [0x00000000e0000000, 0x0000000100000000)
  region size 1024K, 10 young (10240K), 10 survivors (10240K)
 Metaspace       used 32516K, committed 32960K, reserved 348160K
  class space    used 4474K, committed 4672K, reserved 315392K
}
Event: 103.723 GC heap before
{Heap before GC invocations=8 (full 0):
 garbage-first heap   total 262144K, used 62105K [0x00000000e0000000, 0x0000000100000000)
  region size 1024K, 41 young (41984K), 10 survivors (10240K)
 Metaspace       used 35579K, committed 35968K, reserved 348160K
  class space    used 4925K, committed 5120K, reserved 315392K
}
Event: 103.749 GC heap after
{Heap after GC invocations=9 (full 0):
 garbage-first heap   total 262144K, used 33139K [0x00000000e0000000, 0x0000000100000000)
  region size 1024K, 12 young (12288K), 12 survivors (12288K)
 Metaspace       used 35579K, committed 35968K, reserved 348160K
  class space    used 4925K, committed 5120K, reserved 315392K
}
Event: 142.988 GC heap before
{Heap before GC invocations=10 (full 0):
 garbage-first heap   total 262144K, used 178547K [0x00000000e0000000, 0x0000000100000000)
  region size 1024K, 153 young (156672K), 12 survivors (12288K)
 Metaspace       used 49642K, committed 50240K, reserved 364544K
  class space    used 7016K, committed 7296K, reserved 315392K
}
Event: 143.111 GC heap after
{Heap after GC invocations=11 (full 0):
 garbage-first heap   total 262144K, used 40679K [0x00000000e0000000, 0x0000000100000000)
  region size 1024K, 16 young (16384K), 16 survivors (16384K)
 Metaspace       used 49642K, committed 50240K, reserved 364544K
  class space    used 7016K, committed 7296K, reserved 315392K
}

