# JRE version: OpenJDK Runtime Environment Temurin-21.0.11+10 (21.0.11+10) (build 21.0.11+10-LTS)
# Java VM: OpenJDK 64-Bit Server VM Temurin-21.0.11+10 (21.0.11+10-LTS, mixed mode, sharing, tiered, compressed oops, compressed class ptrs, parallel gc, windows-amd64)
GC Precious Log:
 CardTable entry size: 512
 CPUs: 2 total, 2 available
 Memory: 3737M
 Large Page Support: Disabled
 NUMA Support: Disabled
 Compressed Oops: Enabled (32-bit)
 Alignments: Space 512K, Generation 512K, Heap 2M
 Heap Min Capacity: 100M
 Heap Initial Capacity: 100M
 Heap Max Capacity: 2G
 Pre-touch: Disabled
 Parallel Workers: 2
Heap:
 PSYoungGen      total 26624K, used 10697K [0x00000000d5580000, 0x00000000d7480000, 0x0000000100000000)
  eden space 22016K, 41% used [0x00000000d5580000,0x00000000d5e5fb50,0x00000000d6b00000)
  from space 4608K, 34% used [0x00000000d6c00000,0x00000000d6d92b58,0x00000000d7080000)
  to   space 2560K, 0% used [0x00000000d7200000,0x00000000d7200000,0x00000000d7480000)
 ParOldGen       total 68608K, used 50489K [0x0000000080000000, 0x0000000084300000, 0x00000000d5580000)
  object space 68608K, 73% used [0x0000000080000000,0x000000008314e428,0x0000000084300000)
 Metaspace       used 67978K, committed 69312K, reserved 1114112K
  class space    used 8512K, committed 9088K, reserved 1048576K
GC Heap History (20 events):
Event: 174.449 GC heap before
{Heap before GC invocations=35 (full 3):
 PSYoungGen      total 22528K, used 22416K [0x00000000d5580000, 0x00000000d7500000, 0x0000000100000000)
  eden space 22016K, 100% used [0x00000000d5580000,0x00000000d6b00000,0x00000000d6b00000)
  from space 512K, 78% used [0x00000000d7400000,0x00000000d7464010,0x00000000d7480000)
  to   space 512K, 0% used [0x00000000d7480000,0x00000000d7480000,0x00000000d7500000)
 ParOldGen       total 68608K, used 46450K [0x0000000080000000, 0x0000000084300000, 0x00000000d5580000)
  object space 68608K, 67% used [0x0000000080000000,0x0000000082d5cac0,0x0000000084300000)
 Metaspace       used 60500K, committed 61888K, reserved 1114112K
  class space    used 7541K, committed 8128K, reserved 1048576K
}
Event: 174.452 GC heap after
{Heap after GC invocations=35 (full 3):
 PSYoungGen      total 22528K, used 198K [0x00000000d5580000, 0x00000000d7500000, 0x0000000100000000)
  eden space 22016K, 0% used [0x00000000d5580000,0x00000000d5580000,0x00000000d6b00000)
  from space 512K, 38% used [0x00000000d7480000,0x00000000d74b1a10,0x00000000d7500000)
  to   space 512K, 0% used [0x00000000d7400000,0x00000000d7400000,0x00000000d7480000)
 ParOldGen       total 68608K, used 46717K [0x0000000080000000, 0x0000000084300000, 0x00000000d5580000)
  object space 68608K, 68% used [0x0000000080000000,0x0000000082d9f640,0x0000000084300000)
 Metaspace       used 60500K, committed 61888K, reserved 1114112K
  class space    used 7541K, committed 8128K, reserved 1048576K
}
Event: 174.681 GC heap before
{Heap before GC invocations=36 (full 3):
 PSYoungGen      total 22528K, used 22214K [0x00000000d5580000, 0x00000000d7500000, 0x0000000100000000)
  eden space 22016K, 100% used [0x00000000d5580000,0x00000000d6b00000,0x00000000d6b00000)
  from space 512K, 38% used [0x00000000d7480000,0x00000000d74b1a10,0x00000000d7500000)
  to   space 512K, 0% used [0x00000000d7400000,0x00000000d7400000,0x00000000d7480000)
 ParOldGen       total 68608K, used 46717K [0x0000000080000000, 0x0000000084300000, 0x00000000d5580000)
  object space 68608K, 68% used [0x0000000080000000,0x0000000082d9f640,0x0000000084300000)
 Metaspace       used 60500K, committed 61888K, reserved 1114112K
  class space    used 7541K, committed 8128K, reserved 1048576K
}
Event: 174.683 GC heap after
{Heap after GC invocations=36 (full 3):
 PSYoungGen      total 22528K, used 128K [0x00000000d5580000, 0x00000000d7500000, 0x0000000100000000)
  eden space 22016K, 0% used [0x00000000d5580000,0x00000000d5580000,0x00000000d6b00000)
  from space 512K, 25% used [0x00000000d7400000,0x00000000d7420000,0x00000000d7480000)
  to   space 512K, 0% used [0x00000000d7480000,0x00000000d7480000,0x00000000d7500000)
 ParOldGen       total 68608K, used 46725K [0x0000000080000000, 0x0000000084300000, 0x00000000d5580000)
  object space 68608K, 68% used [0x0000000080000000,0x0000000082da1640,0x0000000084300000)
 Metaspace       used 60500K, committed 61888K, reserved 1114112K
  class space    used 7541K, committed 8128K, reserved 1048576K
}
Event: 175.005 GC heap before
{Heap before GC invocations=37 (full 3):
 PSYoungGen      total 22528K, used 22144K [0x00000000d5580000, 0x00000000d7500000, 0x0000000100000000)
  eden space 22016K, 100% used [0x00000000d5580000,0x00000000d6b00000,0x00000000d6b00000)
  from space 512K, 25% used [0x00000000d7400000,0x00000000d7420000,0x00000000d7480000)
  to   space 512K, 0% used [0x00000000d7480000,0x00000000d7480000,0x00000000d7500000)
 ParOldGen       total 68608K, used 46725K [0x0000000080000000, 0x0000000084300000, 0x00000000d5580000)
  object space 68608K, 68% used [0x0000000080000000,0x0000000082da1640,0x0000000084300000)
 Metaspace       used 60500K, committed 61888K, reserved 1114112K
  class space    used 7541K, committed 8128K, reserved 1048576K
}
Event: 175.007 GC heap after
{Heap after GC invocations=37 (full 3):
 PSYoungGen      total 22528K, used 181K [0x00000000d5580000, 0x00000000d7500000, 0x0000000100000000)
  eden space 22016K, 0% used [0x00000000d5580000,0x00000000d5580000,0x00000000d6b00000)
  from space 512K, 35% used [0x00000000d7480000,0x00000000d74ad6c8,0x00000000d7500000)
  to   space 512K, 0% used [0x00000000d7400000,0x00000000d7400000,0x00000000d7480000)
 ParOldGen       total 68608K, used 46741K [0x0000000080000000, 0x0000000084300000, 0x00000000d5580000)
  object space 68608K, 68% used [0x0000000080000000,0x0000000082da5640,0x0000000084300000)
 Metaspace       used 60500K, committed 61888K, reserved 1114112K
  class space    used 7541K, committed 8128K, reserved 1048576K
}
Event: 175.324 GC heap before
{Heap before GC invocations=38 (full 3):
 PSYoungGen      total 22528K, used 22197K [0x00000000d5580000, 0x00000000d7500000, 0x0000000100000000)
  eden space 22016K, 100% used [0x00000000d5580000,0x00000000d6b00000,0x00000000d6b00000)
  from space 512K, 35% used [0x00000000d7480000,0x00000000d74ad6c8,0x00000000d7500000)
  to   space 512K, 0% used [0x00000000d7400000,0x00000000d7400000,0x00000000d7480000)
 ParOldGen       total 68608K, used 46741K [0x0000000080000000, 0x0000000084300000, 0x00000000d5580000)
  object space 68608K, 68% used [0x0000000080000000,0x0000000082da5640,0x0000000084300000)
 Metaspace       used 60500K, committed 61888K, reserved 1114112K
  class space    used 7541K, committed 8128K, reserved 1048576K
}
Event: 175.325 GC heap after
{Heap after GC invocations=38 (full 3):
 PSYoungGen      total 22528K, used 177K [0x00000000d5580000, 0x00000000d7500000, 0x0000000100000000)
  eden space 22016K, 0% used [0x00000000d5580000,0x00000000d5580000,0x00000000d6b00000)
  from space 512K, 34% used [0x00000000d7400000,0x00000000d742c640,0x00000000d7480000)
  to   space 512K, 0% used [0x00000000d7480000,0x00000000d7480000,0x00000000d7500000)
 ParOldGen       total 68608K, used 46783K [0x0000000080000000, 0x0000000084300000, 0x00000000d5580000)
  object space 68608K, 68% used [0x0000000080000000,0x0000000082dafea8,0x0000000084300000)
 Metaspace       used 60500K, committed 61888K, reserved 1114112K
  class space    used 7541K, committed 8128K, reserved 1048576K
}
Event: 175.615 GC heap before
{Heap before GC invocations=39 (full 3):
 PSYoungGen      total 22528K, used 22193K [0x00000000d5580000, 0x00000000d7500000, 0x0000000100000000)
  eden space 22016K, 100% used [0x00000000d5580000,0x00000000d6b00000,0x00000000d6b00000)
  from space 512K, 34% used [0x00000000d7400000,0x00000000d742c640,0x00000000d7480000)
  to   space 512K, 0% used [0x00000000d7480000,0x00000000d7480000,0x00000000d7500000)
 ParOldGen       total 68608K, used 46783K [0x0000000080000000, 0x0000000084300000, 0x00000000d5580000)
  object space 68608K, 68% used [0x0000000080000000,0x0000000082dafea8,0x0000000084300000)
 Metaspace       used 60500K, committed 61888K, reserved 1114112K
  class space    used 7541K, committed 8128K, reserved 1048576K
}
Event: 175.618 GC heap after
{Heap after GC invocations=39 (full 3):
 PSYoungGen      total 22528K, used 224K [0x00000000d5580000, 0x00000000d7500000, 0x0000000100000000)
  eden space 22016K, 0% used [0x00000000d5580000,0x00000000d5580000,0x00000000d6b00000)
  from space 512K, 43% used [0x00000000d7480000,0x00000000d74b8000,0x00000000d7500000)
  to   space 512K, 0% used [0x00000000d7400000,0x00000000d7400000,0x00000000d7480000)
 ParOldGen       total 68608K, used 46823K [0x0000000080000000, 0x0000000084300000, 0x00000000d5580000)
  object space 68608K, 68% used [0x0000000080000000,0x0000000082db9eb8,0x0000000084300000)
 Metaspace       used 60500K, committed 61888K, reserved 1114112K
  class space    used 7541K, committed 8128K, reserved 1048576K
}
Event: 175.839 GC heap before
{Heap before GC invocations=40 (full 3):
 PSYoungGen      total 22528K, used 22240K [0x00000000d5580000, 0x00000000d7500000, 0x0000000100000000)
  eden space 22016K, 100% used [0x00000000d5580000,0x00000000d6b00000,0x00000000d6b00000)
  from space 512K, 43% used [0x00000000d7480000,0x00000000d74b8000,0x00000000d7500000)
  to   space 512K, 0% used [0x00000000d7400000,0x00000000d7400000,0x00000000d7480000)
 ParOldGen       total 68608K, used 46823K [0x0000000080000000, 0x0000000084300000, 0x00000000d5580000)
  object space 68608K, 68% used [0x0000000080000000,0x0000000082db9eb8,0x0000000084300000)
 Metaspace       used 60500K, committed 61888K, reserved 1114112K
  class space    used 7541K, committed 8128K, reserved 1048576K
}
Event: 175.840 GC heap after
{Heap after GC invocations=40 (full 3):
 PSYoungGen      total 22528K, used 425K [0x00000000d5580000, 0x00000000d7500000, 0x0000000100000000)
  eden space 22016K, 0% used [0x00000000d5580000,0x00000000d5580000,0x00000000d6b00000)
  from space 512K, 83% used [0x00000000d7400000,0x00000000d746a628,0x00000000d7480000)
  to   space 512K, 0% used [0x00000000d7480000,0x00000000d7480000,0x00000000d7500000)
 ParOldGen       total 68608K, used 46831K [0x0000000080000000, 0x0000000084300000, 0x00000000d5580000)
  object space 68608K, 68% used [0x0000000080000000,0x0000000082dbbeb8,0x0000000084300000)
 Metaspace       used 60500K, committed 61888K, reserved 1114112K
  class space    used 7541K, committed 8128K, reserved 1048576K
}
Event: 176.043 GC heap before
{Heap before GC invocations=41 (full 3):
 PSYoungGen      total 22528K, used 22441K [0x00000000d5580000, 0x00000000d7500000, 0x0000000100000000)
  eden space 22016K, 100% used [0x00000000d5580000,0x00000000d6b00000,0x00000000d6b00000)
  from space 512K, 83% used [0x00000000d7400000,0x00000000d746a628,0x00000000d7480000)
  to   space 512K, 0% used [0x00000000d7480000,0x00000000d7480000,0x00000000d7500000)
 ParOldGen       total 68608K, used 46831K [0x0000000080000000, 0x0000000084300000, 0x00000000d5580000)
  object space 68608K, 68% used [0x0000000080000000,0x0000000082dbbeb8,0x0000000084300000)
 Metaspace       used 60500K, committed 61888K, reserved 1114112K
  class space    used 7541K, committed 8128K, reserved 1048576K
}
Event: 176.044 GC heap after
{Heap after GC invocations=41 (full 3):
 PSYoungGen      total 22528K, used 492K [0x00000000d5580000, 0x00000000d7500000, 0x0000000100000000)
  eden space 22016K, 0% used [0x00000000d5580000,0x00000000d5580000,0x00000000d6b00000)
  from space 512K, 96% used [0x00000000d7480000,0x00000000d74fb160,0x00000000d7500000)
  to   space 1024K, 0% used [0x00000000d7300000,0x00000000d7300000,0x00000000d7400000)
 ParOldGen       total 68608K, used 46839K [0x0000000080000000, 0x0000000084300000, 0x00000000d5580000)
  object space 68608K, 68% used [0x0000000080000000,0x0000000082dbdeb8,0x0000000084300000)
 Metaspace       used 60500K, committed 61888K, reserved 1114112K
  class space    used 7541K, committed 8128K, reserved 1048576K
}
Event: 178.612 GC heap before
{Heap before GC invocations=42 (full 3):
 PSYoungGen      total 22528K, used 22508K [0x00000000d5580000, 0x00000000d7500000, 0x0000000100000000)
  eden space 22016K, 99% used [0x00000000d5580000,0x00000000d6afffd8,0x00000000d6b00000)
  from space 512K, 96% used [0x00000000d7480000,0x00000000d74fb160,0x00000000d7500000)
  to   space 1024K, 0% used [0x00000000d7300000,0x00000000d7300000,0x00000000d7400000)
 ParOldGen       total 68608K, used 46839K [0x0000000080000000, 0x0000000084300000, 0x00000000d5580000)
  object space 68608K, 68% used [0x0000000080000000,0x0000000082dbdeb8,0x0000000084300000)
 Metaspace       used 62637K, committed 64064K, reserved 1114112K
  class space    used 7886K, committed 8512K, reserved 1048576K
}
Event: 178.616 GC heap after
{Heap after GC invocations=42 (full 3):
 PSYoungGen      total 23040K, used 576K [0x00000000d5580000, 0x00000000d7500000, 0x0000000100000000)
  eden space 22016K, 0% used [0x00000000d5580000,0x00000000d5580000,0x00000000d6b00000)
  from space 1024K, 56% used [0x00000000d7300000,0x00000000d7390000,0x00000000d7400000)
  to   space 1024K, 0% used [0x00000000d7400000,0x00000000d7400000,0x00000000d7500000)
 ParOldGen       total 68608K, used 46855K [0x0000000080000000, 0x0000000084300000, 0x00000000d5580000)
  object space 68608K, 68% used [0x0000000080000000,0x0000000082dc1eb8,0x0000000084300000)
 Metaspace       used 62637K, committed 64064K, reserved 1114112K
  class space    used 7886K, committed 8512K, reserved 1048576K
}
Event: 187.089 GC heap before
{Heap before GC invocations=43 (full 3):
 PSYoungGen      total 23040K, used 22592K [0x00000000d5580000, 0x00000000d7500000, 0x0000000100000000)
  eden space 22016K, 100% used [0x00000000d5580000,0x00000000d6b00000,0x00000000d6b00000)
  from space 1024K, 56% used [0x00000000d7300000,0x00000000d7390000,0x00000000d7400000)
  to   space 1024K, 0% used [0x00000000d7400000,0x00000000d7400000,0x00000000d7500000)
 ParOldGen       total 68608K, used 46855K [0x0000000080000000, 0x0000000084300000, 0x00000000d5580000)
  object space 68608K, 68% used [0x0000000080000000,0x0000000082dc1eb8,0x0000000084300000)
 Metaspace       used 64785K, committed 66176K, reserved 1114112K
  class space    used 8132K, committed 8704K, reserved 1048576K
}
Event: 187.096 GC heap after
{Heap after GC invocations=43 (full 3):
 PSYoungGen      total 23040K, used 1024K [0x00000000d5580000, 0x00000000d7500000, 0x0000000100000000)
  eden space 22016K, 0% used [0x00000000d5580000,0x00000000d5580000,0x00000000d6b00000)
  from space 1024K, 100% used [0x00000000d7400000,0x00000000d7500000,0x00000000d7500000)
  to   space 4608K, 0% used [0x00000000d6c00000,0x00000000d6c00000,0x00000000d7080000)
 ParOldGen       total 68608K, used 49476K [0x0000000080000000, 0x0000000084300000, 0x00000000d5580000)
  object space 68608K, 72% used [0x0000000080000000,0x0000000083051000,0x0000000084300000)
 Metaspace       used 64785K, committed 66176K, reserved 1114112K
  class space    used 8132K, committed 8704K, reserved 1048576K
}
Event: 190.177 GC heap before
{Heap before GC invocations=44 (full 3):
 PSYoungGen      total 23040K, used 23040K [0x00000000d5580000, 0x00000000d7500000, 0x0000000100000000)
  eden space 22016K, 100% used [0x00000000d5580000,0x00000000d6b00000,0x00000000d6b00000)
  from space 1024K, 100% used [0x00000000d7400000,0x00000000d7500000,0x00000000d7500000)
  to   space 4608K, 0% used [0x00000000d6c00000,0x00000000d6c00000,0x00000000d7080000)
 ParOldGen       total 68608K, used 49476K [0x0000000080000000, 0x0000000084300000, 0x00000000d5580000)
  object space 68608K, 72% used [0x0000000080000000,0x0000000083051000,0x0000000084300000)
 Metaspace       used 67394K, committed 68864K, reserved 1114112K
  class space    used 8459K, committed 9088K, reserved 1048576K
}
Event: 190.185 GC heap after
{Heap after GC invocations=44 (full 3):
 PSYoungGen      total 26624K, used 1610K [0x00000000d5580000, 0x00000000d7480000, 0x0000000100000000)
  eden space 22016K, 0% used [0x00000000d5580000,0x00000000d5580000,0x00000000d6b00000)
  from space 4608K, 34% used [0x00000000d6c00000,0x00000000d6d92b58,0x00000000d7080000)
  to   space 2560K, 0% used [0x00000000d7200000,0x00000000d7200000,0x00000000d7480000)
 ParOldGen       total 68608K, used 50489K [0x0000000080000000, 0x0000000084300000, 0x00000000d5580000)
  object space 68608K, 73% used [0x0000000080000000,0x000000008314e428,0x0000000084300000)
 Metaspace       used 67394K, committed 68864K, reserved 1114112K
  class space    used 8459K, committed 9088K, reserved 1048576K
}

